Terminals unused in grammar

   UMINUS


Grammar

    0 $accept: lines $end

    1 lines: lines expr '\n'
    2      | lines '\n'
    3      | /* empty */

    4 expr: expr ADD expr
    5     | expr MINUS expr
    6     | expr MUL expr
    7     | expr DIV expr
    8     | LEFT expr RIGHT
    9     | NUMBER


Terminals, with rules where they appear

$end (0) 0
'\n' (10) 1 2
error (256)
ADD (258) 4
MINUS (259) 5
MUL (260) 6
DIV (261) 7
LEFT (262) 8
RIGHT (263) 8
NUMBER (264) 9
UMINUS (265)


Nonterminals, with rules where they appear

$accept (12)
    on left: 0
lines (13)
    on left: 1 2 3, on right: 0 1 2
expr (14)
    on left: 4 5 6 7 8 9, on right: 1 4 5 6 7 8


state 0

    0 $accept: . lines $end

    $default  reduce using rule 3 (lines)

    lines  go to state 1


state 1

    0 $accept: lines . $end
    1 lines: lines . expr '\n'
    2      | lines . '\n'

    $end    shift, and go to state 2
    LEFT    shift, and go to state 3
    NUMBER  shift, and go to state 4
    '\n'    shift, and go to state 5

    expr  go to state 6


state 2

    0 $accept: lines $end .

    $default  accept


state 3

    8 expr: LEFT . expr RIGHT

    LEFT    shift, and go to state 3
    NUMBER  shift, and go to state 4

    expr  go to state 7


state 4

    9 expr: NUMBER .

    $default  reduce using rule 9 (expr)


state 5

    2 lines: lines '\n' .

    $default  reduce using rule 2 (lines)


state 6

    1 lines: lines expr . '\n'
    4 expr: expr . ADD expr
    5     | expr . MINUS expr
    6     | expr . MUL expr
    7     | expr . DIV expr

    ADD    shift, and go to state 8
    MINUS  shift, and go to state 9
    MUL    shift, and go to state 10
    DIV    shift, and go to state 11
    '\n'   shift, and go to state 12


state 7

    4 expr: expr . ADD expr
    5     | expr . MINUS expr
    6     | expr . MUL expr
    7     | expr . DIV expr
    8     | LEFT expr . RIGHT

    ADD    shift, and go to state 8
    MINUS  shift, and go to state 9
    MUL    shift, and go to state 10
    DIV    shift, and go to state 11
    RIGHT  shift, and go to state 13


state 8

    4 expr: expr ADD . expr

    LEFT    shift, and go to state 3
    NUMBER  shift, and go to state 4

    expr  go to state 14


state 9

    5 expr: expr MINUS . expr

    LEFT    shift, and go to state 3
    NUMBER  shift, and go to state 4

    expr  go to state 15


state 10

    6 expr: expr MUL . expr

    LEFT    shift, and go to state 3
    NUMBER  shift, and go to state 4

    expr  go to state 16


state 11

    7 expr: expr DIV . expr

    LEFT    shift, and go to state 3
    NUMBER  shift, and go to state 4

    expr  go to state 17


state 12

    1 lines: lines expr '\n' .

    $default  reduce using rule 1 (lines)


state 13

    8 expr: LEFT expr RIGHT .

    $default  reduce using rule 8 (expr)


state 14

    4 expr: expr . ADD expr
    4     | expr ADD expr .
    5     | expr . MINUS expr
    6     | expr . MUL expr
    7     | expr . DIV expr

    MUL  shift, and go to state 10
    DIV  shift, and go to state 11

    $default  reduce using rule 4 (expr)


state 15

    4 expr: expr . ADD expr
    5     | expr . MINUS expr
    5     | expr MINUS expr .
    6     | expr . MUL expr
    7     | expr . DIV expr

    MUL  shift, and go to state 10
    DIV  shift, and go to state 11

    $default  reduce using rule 5 (expr)


state 16

    4 expr: expr . ADD expr
    5     | expr . MINUS expr
    6     | expr . MUL expr
    6     | expr MUL expr .
    7     | expr . DIV expr

    $default  reduce using rule 6 (expr)


state 17

    4 expr: expr . ADD expr
    5     | expr . MINUS expr
    6     | expr . MUL expr
    7     | expr . DIV expr
    7     | expr DIV expr .

    $default  reduce using rule 7 (expr)
